2020-06-12 00:30:11.671 [main] DEBUG StepDefinition.StepdefinitionCommonSteps - Browser invoked
2020-06-12 00:30:37.241 [main] DEBUG StepDefinition.StepdefinitionCommonSteps - URL inserted succesfully
2020-06-12 00:30:48.203 [main] DEBUG StepDefinition.StepdefinitionCommonSteps - User clicks on Sign in button
2020-06-12 00:30:54.237 [main] DEBUG StepDefinition.StepdefinitionCommonSteps - User entered username
2020-06-12 00:30:54.562 [main] DEBUG StepDefinition.StepdefinitionCommonSteps - User entered Password
2020-06-12 00:30:54.819 [main] DEBUG StepDefinition.StepdefinitionCommonSteps - User clicks on login Button
2020-06-12 00:31:28.250 [main] DEBUG StepDefinition.StepdefinitionCommonSteps - User has Successfully logged in to Perfleek.com
2020-06-12 00:31:28.529 [main] DEBUG StepDefinition.StepdefinitionCommonSteps - User clicked on Perfleek icon
2020-06-12 00:31:31.783 [main] DEBUG StepDefinition.StepdefinitionCommonSteps - User entered Destination in search box
2020-06-12 00:31:41.016 [main] DEBUG StepDefinition.StepdefinitionCommonSteps - User entered start date
2020-06-12 00:31:45.181 [main] DEBUG StepDefinition.StepdefinitionCommonSteps - User entered end date
2020-06-12 00:31:48.944 [main] DEBUG StepDefinition.StepdefinitionCommonSteps - User clicked on search button
2020-06-12 00:32:31.280 [main] DEBUG StepDefinition.StepdefinitionCommonSteps - Browser closed
2020-06-12 00:42:27.230 [main] DEBUG StepDefinition.StepdefinitionCommonSteps - Browser invoked
2020-06-12 00:42:46.913 [main] DEBUG StepDefinition.StepdefinitionCommonSteps - URL inserted succesfully
2020-06-12 00:43:01.341 [main] DEBUG StepDefinition.StepdefinitionCommonSteps - User clicks on Sign in button
2020-06-12 00:43:07.111 [main] DEBUG StepDefinition.StepdefinitionCommonSteps - User entered username
2020-06-12 00:43:07.513 [main] DEBUG StepDefinition.StepdefinitionCommonSteps - User entered Password
2020-06-12 00:43:07.720 [main] DEBUG StepDefinition.StepdefinitionCommonSteps - User clicks on login Button
2020-06-12 00:43:20.592 [main] DEBUG StepDefinition.StepdefinitionCommonSteps - User has Successfully logged in to Perfleek.com
2020-06-12 00:43:20.986 [main] DEBUG StepDefinition.StepdefinitionCommonSteps - User clicked on Perfleek icon
2020-06-12 00:43:24.212 [main] DEBUG StepDefinition.StepdefinitionCommonSteps - User entered Destination in search box
2020-06-12 00:43:28.743 [main] DEBUG StepDefinition.StepdefinitionCommonSteps - User entered start date
2020-06-12 00:43:32.869 [main] DEBUG StepDefinition.StepdefinitionCommonSteps - User entered end date
2020-06-12 00:43:33.825 [main] DEBUG StepDefinition.StepdefinitionCommonSteps - User clicked on search button
2020-06-12 00:43:54.305 [main] DEBUG StepDefinition.StepdefinitionCommonSteps - Browser closed
2020-06-12 00:46:35.948 [main] DEBUG StepDefinition.StepdefinitionCommonSteps - Browser invoked
2020-06-12 00:46:44.559 [main] DEBUG StepDefinition.StepdefinitionCommonSteps - URL inserted succesfully
2020-06-12 00:47:00.085 [main] DEBUG StepDefinition.StepdefinitionCommonSteps - User clicks on Sign in button
2020-06-12 00:47:05.922 [main] DEBUG StepDefinition.StepdefinitionCommonSteps - User entered username
2020-06-12 00:47:06.256 [main] DEBUG StepDefinition.StepdefinitionCommonSteps - User entered Password
2020-06-12 00:47:06.402 [main] DEBUG StepDefinition.StepdefinitionCommonSteps - User clicks on login Button
2020-06-12 00:47:20.680 [main] DEBUG StepDefinition.StepdefinitionCommonSteps - User has Successfully logged in to Perfleek.com
2020-06-12 00:47:20.978 [main] DEBUG StepDefinition.StepdefinitionCommonSteps - User clicked on Perfleek icon
2020-06-12 00:47:24.311 [main] DEBUG StepDefinition.StepdefinitionCommonSteps - User entered Destination in search box
2020-06-12 00:47:29.497 [main] DEBUG StepDefinition.StepdefinitionCommonSteps - User entered start date
2020-06-12 00:47:33.653 [main] DEBUG StepDefinition.StepdefinitionCommonSteps - User entered end date
2020-06-12 00:47:34.521 [main] DEBUG StepDefinition.StepdefinitionCommonSteps - User clicked on search button
2020-06-12 00:47:59.987 [main] DEBUG StepDefinition.StepdefinitionCommonSteps - Browser closed
2020-06-12 00:49:37.320 [main] DEBUG StepDefinition.StepdefinitionCommonSteps - Browser invoked
2020-06-12 00:49:49.281 [main] DEBUG StepDefinition.StepdefinitionCommonSteps - URL inserted succesfully
2020-06-12 00:50:03.396 [main] DEBUG StepDefinition.StepdefinitionCommonSteps - User clicks on Sign in button
2020-06-12 00:50:09.156 [main] DEBUG StepDefinition.StepdefinitionCommonSteps - User entered username
2020-06-12 00:50:09.519 [main] DEBUG StepDefinition.StepdefinitionCommonSteps - User entered Password
2020-06-12 00:50:09.761 [main] DEBUG StepDefinition.StepdefinitionCommonSteps - User clicks on login Button
2020-06-12 00:50:22.392 [main] DEBUG StepDefinition.StepdefinitionCommonSteps - User has Successfully logged in to Perfleek.com
2020-06-12 00:50:22.812 [main] DEBUG StepDefinition.StepdefinitionCommonSteps - User clicked on Perfleek icon
2020-06-12 00:50:26.634 [main] DEBUG StepDefinition.StepdefinitionCommonSteps - User entered Destination in search box
2020-06-12 00:50:31.485 [main] DEBUG StepDefinition.StepdefinitionCommonSteps - User entered start date
2020-06-12 00:50:35.612 [main] DEBUG StepDefinition.StepdefinitionCommonSteps - User entered end date
2020-06-12 00:50:36.392 [main] DEBUG StepDefinition.StepdefinitionCommonSteps - User clicked on search button
2020-06-12 00:50:41.772 [main] DEBUG StepDefinition.StepdefinitionCommonSteps - User clicked on listing ID
2020-06-12 00:50:51.988 [main] DEBUG StepDefinition.StepdefinitionCommonSteps - User clicked on book now button
2020-06-12 00:50:58.199 [main] DEBUG StepDefinition.StepdefinitionCommonSteps - User accepts Policy 1
2020-06-12 00:50:58.358 [main] DEBUG StepDefinition.StepdefinitionCommonSteps - User accepts Policy 2
2020-06-12 00:51:09.131 [main] DEBUG StepDefinition.StepdefinitionCommonSteps - Browser closed
2020-06-12 00:52:16.763 [main] DEBUG StepDefinition.StepdefinitionCommonSteps - Browser invoked
2020-06-12 00:52:24.786 [main] DEBUG StepDefinition.StepdefinitionCommonSteps - URL inserted succesfully
2020-06-12 00:52:41.157 [main] DEBUG StepDefinition.StepdefinitionCommonSteps - User clicks on Sign in button
2020-06-12 00:52:46.941 [main] DEBUG StepDefinition.StepdefinitionCommonSteps - User entered username
2020-06-12 00:52:47.283 [main] DEBUG StepDefinition.StepdefinitionCommonSteps - User entered Password
2020-06-12 00:52:47.459 [main] DEBUG StepDefinition.StepdefinitionCommonSteps - User clicks on login Button
2020-06-12 00:53:00.437 [main] DEBUG StepDefinition.StepdefinitionCommonSteps - User has Successfully logged in to Perfleek.com
2020-06-12 00:53:00.669 [main] DEBUG StepDefinition.StepdefinitionCommonSteps - User clicked on Perfleek icon
2020-06-12 00:53:03.933 [main] DEBUG StepDefinition.StepdefinitionCommonSteps - User entered Destination in search box
2020-06-12 00:53:08.411 [main] DEBUG StepDefinition.StepdefinitionCommonSteps - User entered start date
2020-06-12 00:53:12.567 [main] DEBUG StepDefinition.StepdefinitionCommonSteps - User entered end date
2020-06-12 00:53:13.826 [main] DEBUG StepDefinition.StepdefinitionCommonSteps - User clicked on search button
2020-06-12 00:53:21.086 [main] DEBUG StepDefinition.StepdefinitionCommonSteps - User clicked on listing ID
2020-06-12 00:53:25.640 [main] DEBUG StepDefinition.StepdefinitionCommonSteps - User clicked on book now button
2020-06-12 00:53:33.314 [main] DEBUG StepDefinition.StepdefinitionCommonSteps - User accepts Policy 1
2020-06-12 00:53:34.564 [main] DEBUG StepDefinition.StepdefinitionCommonSteps - User accepts Policy 2
2020-06-12 00:53:41.338 [main] DEBUG StepDefinition.StepdefinitionCommonSteps - Browser closed
2020-06-12 00:54:55.259 [main] DEBUG StepDefinition.StepdefinitionCommonSteps - Browser invoked
2020-06-12 00:55:02.353 [main] DEBUG StepDefinition.StepdefinitionCommonSteps - URL inserted succesfully
2020-06-12 00:55:17.554 [main] DEBUG StepDefinition.StepdefinitionCommonSteps - User clicks on Sign in button
2020-06-12 00:55:23.308 [main] DEBUG StepDefinition.StepdefinitionCommonSteps - User entered username
2020-06-12 00:55:23.639 [main] DEBUG StepDefinition.StepdefinitionCommonSteps - User entered Password
2020-06-12 00:55:23.767 [main] DEBUG StepDefinition.StepdefinitionCommonSteps - User clicks on login Button
2020-06-12 00:55:33.219 [main] DEBUG StepDefinition.StepdefinitionCommonSteps - User has Successfully logged in to Perfleek.com
2020-06-12 00:55:33.591 [main] DEBUG StepDefinition.StepdefinitionCommonSteps - User clicked on Perfleek icon
2020-06-12 00:55:36.860 [main] DEBUG StepDefinition.StepdefinitionCommonSteps - User entered Destination in search box
2020-06-12 00:55:41.717 [main] DEBUG StepDefinition.StepdefinitionCommonSteps - User entered start date
2020-06-12 00:55:45.835 [main] DEBUG StepDefinition.StepdefinitionCommonSteps - User entered end date
2020-06-12 00:55:47.161 [main] DEBUG StepDefinition.StepdefinitionCommonSteps - User clicked on search button
2020-06-12 00:55:54.130 [main] DEBUG StepDefinition.StepdefinitionCommonSteps - User clicked on listing ID
2020-06-12 00:56:08.732 [main] DEBUG StepDefinition.StepdefinitionCommonSteps - User clicked on book now button
2020-06-12 00:56:14.013 [main] DEBUG StepDefinition.StepdefinitionCommonSteps - User accepts Policy 1
2020-06-12 00:56:14.169 [main] DEBUG StepDefinition.StepdefinitionCommonSteps - User accepts Policy 2
2020-06-12 00:56:19.202 [main] DEBUG StepDefinition.StepdefinitionCommonSteps - User entered credit card number
2020-06-12 00:56:29.237 [main] DEBUG StepDefinition.StepdefinitionCommonSteps - User entered credit card expiry date
2020-06-12 00:56:29.270 [main] DEBUG StepDefinition.StepdefinitionCommonSteps - User entered credit card cvv
2020-06-12 00:56:30.060 [main] DEBUG StepDefinition.StepdefinitionCommonSteps - User entered first Name
2020-06-12 00:56:30.312 [main] DEBUG StepDefinition.StepdefinitionCommonSteps - User entered Last Name
2020-06-12 00:56:31.086 [main] DEBUG StepDefinition.StepdefinitionCommonSteps - User entered street address
2020-06-12 00:56:31.273 [main] DEBUG StepDefinition.StepdefinitionCommonSteps - User entered city name
2020-06-12 00:56:31.549 [main] DEBUG StepDefinition.StepdefinitionCommonSteps - User entered State
2020-06-12 00:56:31.801 [main] DEBUG StepDefinition.StepdefinitionCommonSteps - User entered zipcode
2020-06-12 00:56:32.078 [main] DEBUG StepDefinition.StepdefinitionCommonSteps - User clicked on listbookit
2020-06-12 00:56:42.742 [main] DEBUG StepDefinition.StepdefinitionCommonSteps - Browser closed
2020-06-12 01:04:32.318 [main] DEBUG StepDefinition.StepdefinitionCommonSteps - Browser invoked
2020-06-12 01:04:40.117 [main] DEBUG StepDefinition.StepdefinitionCommonSteps - URL inserted succesfully
2020-06-12 01:04:54.762 [main] DEBUG StepDefinition.StepdefinitionCommonSteps - User clicks on Sign in button
2020-06-12 01:05:00.640 [main] DEBUG StepDefinition.StepdefinitionCommonSteps - User entered username
2020-06-12 01:05:00.958 [main] DEBUG StepDefinition.StepdefinitionCommonSteps - User entered Password
2020-06-12 01:05:01.100 [main] DEBUG StepDefinition.StepdefinitionCommonSteps - User clicks on login Button
2020-06-12 01:05:12.795 [main] DEBUG StepDefinition.StepdefinitionCommonSteps - User has Successfully logged in to Perfleek.com
2020-06-12 01:05:13.237 [main] DEBUG StepDefinition.StepdefinitionCommonSteps - User clicked on Perfleek icon
2020-06-12 01:05:17.328 [main] DEBUG StepDefinition.StepdefinitionCommonSteps - User entered Destination in search box
2020-06-12 01:05:22.115 [main] DEBUG StepDefinition.StepdefinitionCommonSteps - User entered start date
2020-06-12 01:05:26.258 [main] DEBUG StepDefinition.StepdefinitionCommonSteps - User entered end date
2020-06-12 01:05:29.395 [main] DEBUG StepDefinition.StepdefinitionCommonSteps - User clicked on search button
2020-06-12 01:05:40.617 [main] DEBUG StepDefinition.StepdefinitionCommonSteps - User clicked on listing ID
2020-06-12 01:06:10.326 [main] DEBUG StepDefinition.StepdefinitionCommonSteps - Browser closed
2020-06-12 01:17:58.191 [main] DEBUG StepDefinition.StepdefinitionCommonSteps - Browser invoked
2020-06-12 01:18:04.245 [main] DEBUG StepDefinition.StepdefinitionCommonSteps - URL inserted succesfully
2020-06-12 01:18:13.600 [main] DEBUG StepDefinition.StepdefinitionCommonSteps - User clicks on Sign in button
2020-06-12 01:18:19.287 [main] DEBUG StepDefinition.StepdefinitionCommonSteps - User entered username
2020-06-12 01:18:19.542 [main] DEBUG StepDefinition.StepdefinitionCommonSteps - User entered Password
2020-06-12 01:18:19.683 [main] DEBUG StepDefinition.StepdefinitionCommonSteps - User clicks on login Button
2020-06-12 01:18:32.440 [main] DEBUG StepDefinition.StepdefinitionCommonSteps - User has Successfully logged in to Perfleek.com
2020-06-12 01:18:32.887 [main] DEBUG StepDefinition.StepdefinitionCommonSteps - User clicked on Perfleek icon
2020-06-12 01:18:36.072 [main] DEBUG StepDefinition.StepdefinitionCommonSteps - User entered Destination in search box
2020-06-12 01:18:40.398 [main] DEBUG StepDefinition.StepdefinitionCommonSteps - User entered start date
2020-06-12 01:18:44.565 [main] DEBUG StepDefinition.StepdefinitionCommonSteps - User entered end date
2020-06-12 01:18:45.935 [main] DEBUG StepDefinition.StepdefinitionCommonSteps - User clicked on search button
2020-06-12 01:18:56.597 [main] DEBUG StepDefinition.StepdefinitionCommonSteps - User clicked on listing ID
2020-06-12 01:19:02.933 [main] DEBUG StepDefinition.StepdefinitionCommonSteps - User clicked on request to book button
2020-06-12 01:19:10.661 [main] DEBUG StepDefinition.StepdefinitionCommonSteps - User accepts Policy 1
2020-06-12 01:19:10.788 [main] DEBUG StepDefinition.StepdefinitionCommonSteps - User accepts Policy 2
2020-06-12 01:19:13.024 [main] DEBUG StepDefinition.StepdefinitionCommonSteps - User entered message while making booking request
2020-06-12 01:19:13.104 [main] DEBUG StepDefinition.StepdefinitionCommonSteps - User clicked on send request button
2020-06-12 01:19:25.203 [main] DEBUG StepDefinition.StepdefinitionCommonSteps - Booking request Send successfully
2020-06-12 01:19:28.497 [main] DEBUG StepDefinition.StepdefinitionCommonSteps - Browser closed
2020-06-12 01:19:34.948 [main] DEBUG StepDefinition.StepdefinitionCommonSteps - Browser invoked
2020-06-12 01:19:44.152 [main] DEBUG StepDefinition.StepdefinitionCommonSteps - URL inserted succesfully
2020-06-12 01:19:55.205 [main] DEBUG StepDefinition.StepdefinitionCommonSteps - User clicks on Sign in button
2020-06-12 01:20:01.312 [main] DEBUG StepDefinition.StepdefinitionCommonSteps - User entered username
2020-06-12 01:20:01.698 [main] DEBUG StepDefinition.StepdefinitionCommonSteps - User entered Password
2020-06-12 01:20:01.908 [main] DEBUG StepDefinition.StepdefinitionCommonSteps - User clicks on login Button
2020-06-12 01:20:10.027 [main] DEBUG StepDefinition.StepdefinitionCommonSteps - User has Successfully logged in to Perfleek.com
2020-06-12 01:20:10.306 [main] DEBUG StepDefinition.StepdefinitionCommonSteps - User clicked on Perfleek icon
2020-06-12 01:20:13.579 [main] DEBUG StepDefinition.StepdefinitionCommonSteps - User entered Destination in search box
2020-06-12 01:20:18.126 [main] DEBUG StepDefinition.StepdefinitionCommonSteps - User entered start date
2020-06-12 01:20:22.301 [main] DEBUG StepDefinition.StepdefinitionCommonSteps - User entered end date
2020-06-12 01:20:22.911 [main] DEBUG StepDefinition.StepdefinitionCommonSteps - User clicked on search button
2020-06-12 01:20:27.531 [main] DEBUG StepDefinition.StepdefinitionCommonSteps - User clicked on listing ID
2020-06-12 01:20:32.386 [main] DEBUG StepDefinition.StepdefinitionCommonSteps - User clicked on book now button
2020-06-12 01:20:39.782 [main] DEBUG StepDefinition.StepdefinitionCommonSteps - User accepts Policy 1
2020-06-12 01:20:40.635 [main] DEBUG StepDefinition.StepdefinitionCommonSteps - User accepts Policy 2
2020-06-12 01:20:45.705 [main] DEBUG StepDefinition.StepdefinitionCommonSteps - User entered credit card number
2020-06-12 01:20:55.758 [main] DEBUG StepDefinition.StepdefinitionCommonSteps - User entered credit card expiry date
2020-06-12 01:20:55.811 [main] DEBUG StepDefinition.StepdefinitionCommonSteps - User entered credit card cvv
2020-06-12 01:20:56.090 [main] DEBUG StepDefinition.StepdefinitionCommonSteps - User entered first Name
2020-06-12 01:20:56.357 [main] DEBUG StepDefinition.StepdefinitionCommonSteps - User entered Last Name
2020-06-12 01:20:56.777 [main] DEBUG StepDefinition.StepdefinitionCommonSteps - User entered street address
2020-06-12 01:20:56.991 [main] DEBUG StepDefinition.StepdefinitionCommonSteps - User entered city name
2020-06-12 01:20:57.224 [main] DEBUG StepDefinition.StepdefinitionCommonSteps - User entered State
2020-06-12 01:20:57.527 [main] DEBUG StepDefinition.StepdefinitionCommonSteps - User entered zipcode
2020-06-12 01:20:57.689 [main] DEBUG StepDefinition.StepdefinitionCommonSteps - User clicked on listbookit
2020-06-12 01:21:00.256 [main] DEBUG StepDefinition.StepdefinitionCommonSteps - Browser closed
2020-06-12 01:21:05.234 [main] DEBUG StepDefinition.StepdefinitionCommonSteps - Browser invoked
2020-06-12 01:21:11.195 [main] DEBUG StepDefinition.StepdefinitionCommonSteps - URL inserted succesfully
2020-06-12 01:21:20.549 [main] DEBUG StepDefinition.StepdefinitionCommonSteps - User clicks on Sign in button
2020-06-12 01:21:26.380 [main] DEBUG StepDefinition.StepdefinitionCommonSteps - User entered username
2020-06-12 01:21:26.736 [main] DEBUG StepDefinition.StepdefinitionCommonSteps - User entered Password
2020-06-12 01:21:26.901 [main] DEBUG StepDefinition.StepdefinitionCommonSteps - User clicks on login Button
2020-06-12 01:21:37.508 [main] DEBUG StepDefinition.StepdefinitionCommonSteps - User has Successfully logged in to Perfleek.com
2020-06-12 01:21:37.655 [main] DEBUG StepDefinition.StepdefinitionCommonSteps - Browser closed
2020-06-12 01:21:41.610 [main] DEBUG StepDefinition.StepdefinitionCommonSteps - Browser invoked
2020-06-12 01:21:47.526 [main] DEBUG StepDefinition.StepdefinitionCommonSteps - URL inserted succesfully
2020-06-12 01:22:03.099 [main] DEBUG StepDefinition.StepdefinitionCommonSteps - User clicks on Sign in button
2020-06-12 01:22:09.001 [main] DEBUG StepDefinition.StepdefinitionCommonSteps - User entered username
2020-06-12 01:22:09.393 [main] DEBUG StepDefinition.StepdefinitionCommonSteps - User entered Password
2020-06-12 01:22:09.605 [main] DEBUG StepDefinition.StepdefinitionCommonSteps - User clicks on login Button
2020-06-12 01:22:17.703 [main] DEBUG StepDefinition.StepdefinitionCommonSteps - User has Successfully logged in to Perfleek.com
2020-06-12 01:22:17.865 [main] DEBUG StepDefinition.StepdefinitionCommonSteps - Browser closed
2020-06-12 01:22:20.809 [main] DEBUG StepDefinition.StepdefinitionCommonSteps - Browser invoked
2020-06-12 01:22:26.645 [main] DEBUG StepDefinition.StepdefinitionCommonSteps - URL inserted succesfully
2020-06-12 01:22:43.141 [main] DEBUG StepDefinition.StepdefinitionCommonSteps - User clicks on Sign in button
2020-06-12 01:22:48.980 [main] DEBUG StepDefinition.StepdefinitionCommonSteps - User entered username
2020-06-12 01:22:49.306 [main] DEBUG StepDefinition.StepdefinitionCommonSteps - User entered Password
2020-06-12 01:22:49.543 [main] DEBUG StepDefinition.StepdefinitionCommonSteps - User clicks on login Button
2020-06-12 01:23:07.661 [main] ERROR StepDefinition.StepdefinitionCommonSteps - Login ID and Password are incorrect
2020-06-12 01:23:07.846 [main] DEBUG StepDefinition.StepdefinitionCommonSteps - Browser closed
