2020-07-31 14:45:29.971 [main] DEBUG cucumber.runtime.StepDefinition - open browser successfully
2020-07-31 14:51:11.262 [main] DEBUG cucumber.runtime.StepDefinition - open browser successfully
2020-07-31 14:52:18.602 [main] DEBUG cucumber.runtime.StepDefinition - 64
2020-07-31 14:52:18.602 [main] DEBUG cucumber.runtime.StepDefinition - 64
2020-07-31 14:55:08.095 [main] DEBUG cucumber.runtime.StepDefinition - open browser successfully
2020-07-31 14:56:20.576 [main] DEBUG cucumber.runtime.StepDefinition - 68
2020-07-31 14:56:20.576 [main] DEBUG cucumber.runtime.StepDefinition - 68
2020-07-31 14:56:20.726 [main] DEBUG cucumber.runtime.StepDefinition - 19-06
2020-07-31 14:56:20.835 [main] DEBUG cucumber.runtime.StepDefinition - 31_07_2020 14_27_18
2020-07-31 14:56:20.950 [main] DEBUG cucumber.runtime.StepDefinition - 31_07_2020 14_32_25
2020-07-31 14:56:21.063 [main] DEBUG cucumber.runtime.StepDefinition - 31_07_2020 14_45_13
2020-07-31 14:56:21.180 [main] DEBUG cucumber.runtime.StepDefinition - 31_07_2020 14_50_57
2020-07-31 14:56:21.266 [main] DEBUG cucumber.runtime.StepDefinition - 31_07_2020 14_54_51
2020-07-31 14:56:21.350 [main] DEBUG cucumber.runtime.StepDefinition - Demo Project
2020-07-31 14:56:21.443 [main] DEBUG cucumber.runtime.StepDefinition - FProject
2020-07-31 14:56:21.528 [main] DEBUG cucumber.runtime.StepDefinition - MARS Capital Stock
2020-07-31 14:56:21.614 [main] DEBUG cucumber.runtime.StepDefinition - MARS Debt Bonds
2020-07-31 14:56:21.710 [main] DEBUG cucumber.runtime.StepDefinition - MARS Derivatives
2020-07-31 14:56:21.791 [main] DEBUG cucumber.runtime.StepDefinition - MARS Investment Bonds
2020-07-31 14:56:21.893 [main] DEBUG cucumber.runtime.StepDefinition - MARS Member Products
2020-07-31 14:56:22.018 [main] DEBUG cucumber.runtime.StepDefinition - MARS TEST PROJECT
2020-07-31 14:56:22.100 [main] DEBUG cucumber.runtime.StepDefinition - OpicsX project
2020-07-31 14:56:22.191 [main] DEBUG cucumber.runtime.StepDefinition - 
2020-07-31 14:56:22.294 [main] DEBUG cucumber.runtime.StepDefinition - 
2020-07-31 14:57:50.262 [main] DEBUG cucumber.runtime.StepDefinition - open browser successfully
2020-07-31 14:59:01.899 [main] DEBUG cucumber.runtime.StepDefinition - 72
2020-07-31 14:59:01.905 [main] DEBUG cucumber.runtime.StepDefinition - 72
2020-07-31 14:59:02.059 [main] DEBUG cucumber.runtime.StepDefinition - 19-06
2020-07-31 15:01:01.493 [main] DEBUG cucumber.runtime.StepDefinition - open browser successfully
2020-07-31 15:02:11.419 [main] DEBUG cucumber.runtime.StepDefinition - 52
2020-07-31 15:02:11.419 [main] DEBUG cucumber.runtime.StepDefinition - 52
2020-07-31 15:02:11.591 [main] DEBUG cucumber.runtime.StepDefinition - 19-06
2020-07-31 15:05:13.063 [main] DEBUG cucumber.runtime.StepDefinition - open browser successfully
2020-07-31 15:06:24.654 [main] DEBUG cucumber.runtime.StepDefinition - 56
2020-07-31 15:06:24.654 [main] DEBUG cucumber.runtime.StepDefinition - 56
2020-07-31 15:06:24.812 [main] DEBUG cucumber.runtime.StepDefinition - 19-06
2020-07-31 15:06:24.915 [main] DEBUG cucumber.runtime.StepDefinition - 31_07_2020 15_00_46
2020-07-31 15:06:25.049 [main] DEBUG cucumber.runtime.StepDefinition - 31_07_2020 15_04_35
2020-07-31 15:11:52.303 [main] DEBUG cucumber.runtime.StepDefinition - open browser successfully
2020-07-31 15:13:01.367 [main] DEBUG cucumber.runtime.StepDefinition - 60
2020-07-31 15:13:01.368 [main] DEBUG cucumber.runtime.StepDefinition - 60
2020-07-31 15:13:01.546 [main] DEBUG cucumber.runtime.StepDefinition - 19-06
2020-07-31 15:13:01.782 [main] DEBUG cucumber.runtime.StepDefinition - 31_07_2020 15_00_46
2020-07-31 15:13:01.874 [main] DEBUG cucumber.runtime.StepDefinition - 31_07_2020 15_04_35
2020-07-31 15:13:01.985 [main] DEBUG cucumber.runtime.StepDefinition - 31_07_2020 15_11_34
2020-07-31 15:18:37.958 [main] DEBUG cucumber.runtime.StepDefinition - open browser successfully
2020-07-31 15:19:46.537 [main] DEBUG cucumber.runtime.StepDefinition - 64
2020-07-31 15:19:46.537 [main] DEBUG cucumber.runtime.StepDefinition - 64
2020-07-31 15:19:46.729 [main] DEBUG cucumber.runtime.StepDefinition - 19-06
2020-07-31 15:19:46.858 [main] DEBUG cucumber.runtime.StepDefinition - 31_07_2020 15_00_46
2020-07-31 15:19:47.001 [main] DEBUG cucumber.runtime.StepDefinition - 31_07_2020 15_04_35
2020-07-31 15:19:47.092 [main] DEBUG cucumber.runtime.StepDefinition - 31_07_2020 15_11_34
2020-07-31 15:19:47.177 [main] DEBUG cucumber.runtime.StepDefinition - 31_07_2020 15_18_23
2020-07-31 15:28:06.758 [main] DEBUG cucumber.runtime.StepDefinition - open browser successfully
2020-07-31 15:29:10.854 [main] DEBUG cucumber.runtime.StepDefinition - open browser successfully
2020-07-31 15:29:57.373 [main] DEBUG cucumber.runtime.StepDefinition - open browser successfully
2020-07-31 15:38:28.574 [main] DEBUG cucumber.runtime.StepDefinition - open browser successfully
2020-07-31 15:40:06.121 [main] DEBUG cucumber.runtime.StepDefinition - open browser successfully
2020-07-31 15:41:53.521 [main] DEBUG cucumber.runtime.StepDefinition - open browser successfully
2020-07-31 15:43:04.784 [main] DEBUG cucumber.runtime.StepDefinition - 68
2020-07-31 15:43:04.787 [main] DEBUG cucumber.runtime.StepDefinition - 68
2020-07-31 15:43:05.084 [main] DEBUG cucumber.runtime.StepDefinition - 19-06
2020-07-31 15:43:05.276 [main] DEBUG cucumber.runtime.StepDefinition - 31_07_2020 15_00_46
2020-07-31 15:43:05.377 [main] DEBUG cucumber.runtime.StepDefinition - 31_07_2020 15_04_35
2020-07-31 15:43:05.477 [main] DEBUG cucumber.runtime.StepDefinition - 31_07_2020 15_11_34
2020-07-31 15:43:05.594 [main] DEBUG cucumber.runtime.StepDefinition - 31_07_2020 15_18_23
2020-07-31 15:43:05.722 [main] DEBUG cucumber.runtime.StepDefinition - 31_07_2020 15_41_38
2020-07-31 15:58:43.770 [main] DEBUG cucumber.runtime.StepDefinition - open browser successfully
2020-07-31 15:59:57.420 [main] DEBUG cucumber.runtime.StepDefinition - 72
2020-07-31 15:59:57.420 [main] DEBUG cucumber.runtime.StepDefinition - 72
2020-07-31 15:59:57.630 [main] DEBUG cucumber.runtime.StepDefinition - 19-06
2020-07-31 15:59:57.816 [main] DEBUG cucumber.runtime.StepDefinition - 31_07_2020 15_00_46
2020-07-31 15:59:57.900 [main] DEBUG cucumber.runtime.StepDefinition - 31_07_2020 15_04_35
2020-07-31 15:59:57.982 [main] DEBUG cucumber.runtime.StepDefinition - 31_07_2020 15_11_34
2020-07-31 15:59:58.061 [main] DEBUG cucumber.runtime.StepDefinition - 31_07_2020 15_18_23
2020-07-31 15:59:58.166 [main] DEBUG cucumber.runtime.StepDefinition - 31_07_2020 15_41_38
2020-07-31 15:59:58.245 [main] DEBUG cucumber.runtime.StepDefinition - 31_07_2020 15_58_26
2020-07-31 16:06:46.558 [main] DEBUG cucumber.runtime.StepDefinition - open browser successfully
2020-07-31 16:08:05.562 [main] DEBUG cucumber.runtime.StepDefinition - 76
2020-07-31 16:08:05.562 [main] DEBUG cucumber.runtime.StepDefinition - 76
2020-07-31 16:08:05.777 [main] DEBUG cucumber.runtime.StepDefinition - 19-06
2020-07-31 16:08:05.906 [main] DEBUG cucumber.runtime.StepDefinition - 31_07_2020 15_00_46
2020-07-31 16:08:06.046 [main] DEBUG cucumber.runtime.StepDefinition - 31_07_2020 15_04_35
2020-07-31 16:08:06.133 [main] DEBUG cucumber.runtime.StepDefinition - 31_07_2020 15_11_34
2020-07-31 16:08:06.219 [main] DEBUG cucumber.runtime.StepDefinition - 31_07_2020 15_18_23
2020-07-31 16:08:06.303 [main] DEBUG cucumber.runtime.StepDefinition - 31_07_2020 15_41_38
2020-07-31 16:08:06.411 [main] DEBUG cucumber.runtime.StepDefinition - 31_07_2020 15_58_26
2020-07-31 16:08:06.504 [main] DEBUG cucumber.runtime.StepDefinition - 31_07_2020 16_06_27
2020-07-31 16:10:38.433 [main] DEBUG cucumber.runtime.StepDefinition - open browser successfully
2020-07-31 16:11:56.230 [main] DEBUG cucumber.runtime.StepDefinition - 80
2020-07-31 16:11:56.231 [main] DEBUG cucumber.runtime.StepDefinition - 80
2020-07-31 16:11:56.379 [main] DEBUG cucumber.runtime.StepDefinition - 19-06
2020-07-31 16:11:56.467 [main] DEBUG cucumber.runtime.StepDefinition - 31_07_2020 15_00_46
2020-07-31 16:11:56.563 [main] DEBUG cucumber.runtime.StepDefinition - 31_07_2020 15_04_35
2020-07-31 16:11:56.655 [main] DEBUG cucumber.runtime.StepDefinition - 31_07_2020 15_11_34
2020-07-31 16:11:56.760 [main] DEBUG cucumber.runtime.StepDefinition - 31_07_2020 15_18_23
2020-07-31 16:11:56.849 [main] DEBUG cucumber.runtime.StepDefinition - 31_07_2020 15_41_38
2020-07-31 16:11:56.954 [main] DEBUG cucumber.runtime.StepDefinition - 31_07_2020 15_58_26
2020-07-31 16:11:57.069 [main] DEBUG cucumber.runtime.StepDefinition - 31_07_2020 16_06_27
2020-07-31 16:11:57.163 [main] DEBUG cucumber.runtime.StepDefinition - 31_07_2020 16_10_21
2020-07-31 16:18:28.886 [main] DEBUG cucumber.runtime.StepDefinition - open browser successfully
2020-07-31 16:19:52.976 [main] DEBUG cucumber.runtime.StepDefinition - 84
2020-07-31 16:19:52.976 [main] DEBUG cucumber.runtime.StepDefinition - 84
2020-07-31 16:19:53.193 [main] DEBUG cucumber.runtime.StepDefinition - 19-06
2020-07-31 16:19:53.325 [main] DEBUG cucumber.runtime.StepDefinition - 31_07_2020 15_00_46
2020-07-31 16:19:53.441 [main] DEBUG cucumber.runtime.StepDefinition - 31_07_2020 15_04_35
2020-07-31 16:19:53.582 [main] DEBUG cucumber.runtime.StepDefinition - 31_07_2020 15_11_34
2020-07-31 16:19:53.690 [main] DEBUG cucumber.runtime.StepDefinition - 31_07_2020 15_18_23
2020-07-31 16:19:53.791 [main] DEBUG cucumber.runtime.StepDefinition - 31_07_2020 15_41_38
2020-07-31 16:19:53.884 [main] DEBUG cucumber.runtime.StepDefinition - 31_07_2020 15_58_26
2020-07-31 16:19:54.035 [main] DEBUG cucumber.runtime.StepDefinition - 31_07_2020 16_06_27
2020-07-31 16:19:54.125 [main] DEBUG cucumber.runtime.StepDefinition - 31_07_2020 16_10_21
2020-07-31 16:19:54.291 [main] DEBUG cucumber.runtime.StepDefinition - 31_07_2020 16_18_11
2020-07-31 16:21:55.802 [main] DEBUG cucumber.runtime.StepDefinition - open browser successfully
2020-07-31 16:23:11.089 [main] DEBUG cucumber.runtime.StepDefinition - 88
2020-07-31 16:23:11.090 [main] DEBUG cucumber.runtime.StepDefinition - 88
2020-07-31 16:23:11.258 [main] DEBUG cucumber.runtime.StepDefinition - 19-06
2020-07-31 16:23:11.362 [main] DEBUG cucumber.runtime.StepDefinition - 31_07_2020 15_00_46
2020-07-31 16:23:11.475 [main] DEBUG cucumber.runtime.StepDefinition - 31_07_2020 15_04_35
2020-07-31 16:23:11.566 [main] DEBUG cucumber.runtime.StepDefinition - 31_07_2020 15_11_34
2020-07-31 16:23:11.665 [main] DEBUG cucumber.runtime.StepDefinition - 31_07_2020 15_18_23
2020-07-31 16:23:11.778 [main] DEBUG cucumber.runtime.StepDefinition - 31_07_2020 15_41_38
2020-07-31 16:23:11.870 [main] DEBUG cucumber.runtime.StepDefinition - 31_07_2020 15_58_26
2020-07-31 16:23:11.958 [main] DEBUG cucumber.runtime.StepDefinition - 31_07_2020 16_06_27
2020-07-31 16:23:12.080 [main] DEBUG cucumber.runtime.StepDefinition - 31_07_2020 16_10_21
2020-07-31 16:23:12.201 [main] DEBUG cucumber.runtime.StepDefinition - 31_07_2020 16_18_11
2020-07-31 16:23:12.294 [main] DEBUG cucumber.runtime.StepDefinition - 31_07_2020 16_21_38
2020-07-31 16:31:55.884 [main] DEBUG cucumber.runtime.StepDefinition - open browser successfully
2020-07-31 16:33:17.649 [main] DEBUG cucumber.runtime.StepDefinition - 92
2020-07-31 16:33:17.650 [main] DEBUG cucumber.runtime.StepDefinition - 92
2020-07-31 16:33:17.841 [main] DEBUG cucumber.runtime.StepDefinition - 19-06
2020-07-31 16:33:17.952 [main] DEBUG cucumber.runtime.StepDefinition - 31_07_2020 15_00_46
2020-07-31 16:33:18.079 [main] DEBUG cucumber.runtime.StepDefinition - 31_07_2020 15_04_35
2020-07-31 16:33:18.186 [main] DEBUG cucumber.runtime.StepDefinition - 31_07_2020 15_11_34
2020-07-31 16:33:18.278 [main] DEBUG cucumber.runtime.StepDefinition - 31_07_2020 15_18_23
2020-07-31 16:33:18.377 [main] DEBUG cucumber.runtime.StepDefinition - 31_07_2020 15_41_38
2020-07-31 16:33:18.462 [main] DEBUG cucumber.runtime.StepDefinition - 31_07_2020 15_58_26
2020-07-31 16:33:18.586 [main] DEBUG cucumber.runtime.StepDefinition - 31_07_2020 16_06_27
2020-07-31 16:33:18.682 [main] DEBUG cucumber.runtime.StepDefinition - 31_07_2020 16_10_21
2020-07-31 16:33:18.764 [main] DEBUG cucumber.runtime.StepDefinition - 31_07_2020 16_18_11
2020-07-31 16:33:18.856 [main] DEBUG cucumber.runtime.StepDefinition - 31_07_2020 16_21_38
2020-07-31 16:33:18.951 [main] DEBUG cucumber.runtime.StepDefinition - 31_07_2020 16_31_38
2020-07-31 16:40:45.345 [main] DEBUG cucumber.runtime.StepDefinition - open browser successfully
2020-07-31 16:42:45.404 [main] DEBUG cucumber.runtime.StepDefinition - open browser successfully
2020-07-31 16:44:00.301 [main] DEBUG cucumber.runtime.StepDefinition - 92
2020-07-31 16:44:00.301 [main] DEBUG cucumber.runtime.StepDefinition - 92
2020-07-31 16:45:06.054 [main] DEBUG cucumber.runtime.StepDefinition - open browser successfully
2020-07-31 16:46:22.819 [main] DEBUG cucumber.runtime.StepDefinition - 100
2020-07-31 16:46:22.820 [main] DEBUG cucumber.runtime.StepDefinition - 100
2020-07-31 16:46:22.969 [main] DEBUG cucumber.runtime.StepDefinition - 19-06
2020-07-31 16:46:23.104 [main] DEBUG cucumber.runtime.StepDefinition - 31_07_2020 15_00_46
2020-07-31 16:46:23.249 [main] DEBUG cucumber.runtime.StepDefinition - 31_07_2020 15_04_35
2020-07-31 16:46:23.339 [main] DEBUG cucumber.runtime.StepDefinition - 31_07_2020 15_11_34
2020-07-31 16:46:23.445 [main] DEBUG cucumber.runtime.StepDefinition - 31_07_2020 15_18_23
2020-07-31 16:46:23.524 [main] DEBUG cucumber.runtime.StepDefinition - 31_07_2020 15_41_38
2020-07-31 16:46:23.613 [main] DEBUG cucumber.runtime.StepDefinition - 31_07_2020 15_58_26
2020-07-31 16:46:23.703 [main] DEBUG cucumber.runtime.StepDefinition - 31_07_2020 16_06_27
2020-07-31 16:46:23.794 [main] DEBUG cucumber.runtime.StepDefinition - 31_07_2020 16_10_21
2020-07-31 16:46:23.882 [main] DEBUG cucumber.runtime.StepDefinition - 31_07_2020 16_18_11
2020-07-31 16:46:23.972 [main] DEBUG cucumber.runtime.StepDefinition - 31_07_2020 16_21_38
2020-07-31 16:46:24.051 [main] DEBUG cucumber.runtime.StepDefinition - 31_07_2020 16_31_38
2020-07-31 16:46:24.242 [main] DEBUG cucumber.runtime.StepDefinition - 31_07_2020 16_42_29
2020-07-31 16:46:24.498 [main] DEBUG cucumber.runtime.StepDefinition - 31_07_2020 16_44_51
2020-07-31 16:52:02.236 [main] DEBUG cucumber.runtime.StepDefinition - open browser successfully
2020-07-31 16:53:14.546 [main] DEBUG cucumber.runtime.StepDefinition - 52
2020-07-31 16:53:14.547 [main] DEBUG cucumber.runtime.StepDefinition - 52
2020-07-31 16:53:14.744 [main] DEBUG cucumber.runtime.StepDefinition - 19-06
2020-07-31 16:53:14.855 [main] DEBUG cucumber.runtime.StepDefinition - 31_07_2020 16_51_46
2020-07-31 17:00:26.566 [main] DEBUG cucumber.runtime.StepDefinition - open browser successfully
2020-07-31 17:01:39.265 [main] DEBUG cucumber.runtime.StepDefinition - 56
2020-07-31 17:01:39.265 [main] DEBUG cucumber.runtime.StepDefinition - 56
2020-07-31 17:01:39.434 [main] DEBUG cucumber.runtime.StepDefinition - 19-06
2020-07-31 17:01:39.571 [main] DEBUG cucumber.runtime.StepDefinition - 31_07_2020 16_51_46
2020-07-31 17:01:39.737 [main] DEBUG cucumber.runtime.StepDefinition - 31_07_2020 17_00_10
