2020-06-30 13:42:23.692 [main] DEBUG StepDefinition.StepdefinitionCommonSteps - Browser invoked
2020-06-30 13:42:45.953 [main] DEBUG StepDefinition.StepdefinitionCommonSteps - URL inserted succesfully
2020-06-30 13:43:16.281 [main] DEBUG StepDefinition.StepdefinitionCommonSteps - User clicks on Sign in button
2020-06-30 13:43:22.801 [main] DEBUG StepDefinition.StepdefinitionCommonSteps - User entered username
2020-06-30 13:43:23.134 [main] DEBUG StepDefinition.StepdefinitionCommonSteps - User entered Password
2020-06-30 13:43:23.588 [main] DEBUG StepDefinition.StepdefinitionCommonSteps - User clicks on login Button
2020-06-30 13:47:57.973 [main] DEBUG StepDefinition.StepdefinitionCommonSteps - Browser invoked
2020-06-30 13:48:11.359 [main] DEBUG StepDefinition.StepdefinitionCommonSteps - URL inserted succesfully
2020-06-30 13:48:36.858 [main] DEBUG StepDefinition.StepdefinitionCommonSteps - User clicks on Sign in button
2020-06-30 13:48:44.066 [main] DEBUG StepDefinition.StepdefinitionCommonSteps - User entered username
2020-06-30 13:48:44.607 [main] DEBUG StepDefinition.StepdefinitionCommonSteps - User entered Password
2020-06-30 13:48:44.911 [main] DEBUG StepDefinition.StepdefinitionCommonSteps - User clicks on login Button
2020-06-30 13:50:07.812 [main] DEBUG StepDefinition.StepdefinitionCommonSteps - Browser invoked
2020-06-30 13:50:20.907 [main] DEBUG StepDefinition.StepdefinitionCommonSteps - URL inserted succesfully
2020-06-30 13:50:51.807 [main] DEBUG StepDefinition.StepdefinitionCommonSteps - User clicks on Sign in button
2020-06-30 13:50:57.489 [main] DEBUG StepDefinition.StepdefinitionCommonSteps - User entered username
2020-06-30 13:50:57.838 [main] DEBUG StepDefinition.StepdefinitionCommonSteps - User entered Password
2020-06-30 13:50:58.059 [main] DEBUG StepDefinition.StepdefinitionCommonSteps - User clicks on login Button
2020-06-30 14:03:50.697 [main] DEBUG StepDefinition.StepdefinitionCommonSteps - Browser invoked
2020-06-30 14:04:02.797 [main] DEBUG StepDefinition.StepdefinitionCommonSteps - URL inserted succesfully
2020-06-30 14:04:44.220 [main] DEBUG StepDefinition.StepdefinitionCommonSteps - User clicks on Sign in button
2020-06-30 14:04:50.089 [main] DEBUG StepDefinition.StepdefinitionCommonSteps - User entered username
2020-06-30 14:04:50.363 [main] DEBUG StepDefinition.StepdefinitionCommonSteps - User entered Password
2020-06-30 14:04:50.509 [main] DEBUG StepDefinition.StepdefinitionCommonSteps - User clicks on login Button
2020-06-30 15:13:49.799 [main] DEBUG StepDefinition.StepdefinitionCommonSteps - Browser invoked
2020-06-30 15:14:00.691 [main] DEBUG StepDefinition.StepdefinitionCommonSteps - URL inserted succesfully
2020-06-30 15:14:28.618 [main] DEBUG StepDefinition.StepdefinitionCommonSteps - User clicks on Sign in button
2020-06-30 15:14:34.408 [main] DEBUG StepDefinition.StepdefinitionCommonSteps - User entered username
2020-06-30 15:14:34.777 [main] DEBUG StepDefinition.StepdefinitionCommonSteps - User entered Password
2020-06-30 15:14:35.011 [main] DEBUG StepDefinition.StepdefinitionCommonSteps - User clicks on login Button
2020-06-30 15:27:54.844 [main] DEBUG StepDefinition.StepdefinitionCommonSteps - Browser invoked
2020-06-30 15:28:19.036 [main] DEBUG StepDefinition.StepdefinitionCommonSteps - URL inserted succesfully
2020-06-30 15:28:38.694 [main] DEBUG StepDefinition.StepdefinitionCommonSteps - User clicks on Sign in button
2020-06-30 15:28:45.409 [main] DEBUG StepDefinition.StepdefinitionCommonSteps - User entered username
2020-06-30 15:28:46.128 [main] DEBUG StepDefinition.StepdefinitionCommonSteps - User entered Password
2020-06-30 15:28:46.701 [main] DEBUG StepDefinition.StepdefinitionCommonSteps - User clicks on login Button
2020-06-30 15:35:26.963 [main] DEBUG StepDefinition.StepdefinitionCommonSteps - Browser invoked
2020-06-30 15:35:41.928 [main] DEBUG StepDefinition.StepdefinitionCommonSteps - URL inserted succesfully
2020-06-30 15:36:20.912 [main] DEBUG StepDefinition.StepdefinitionCommonSteps - User clicks on Sign in button
2020-06-30 15:36:27.281 [main] DEBUG StepDefinition.StepdefinitionCommonSteps - User entered username
2020-06-30 15:36:27.744 [main] DEBUG StepDefinition.StepdefinitionCommonSteps - User entered Password
2020-06-30 15:36:28.201 [main] DEBUG StepDefinition.StepdefinitionCommonSteps - User clicks on login Button
2020-06-30 15:40:27.001 [main] DEBUG StepDefinition.StepdefinitionCommonSteps - Browser invoked
2020-06-30 15:40:45.027 [main] DEBUG StepDefinition.StepdefinitionCommonSteps - URL inserted succesfully
2020-06-30 15:41:18.752 [main] DEBUG StepDefinition.StepdefinitionCommonSteps - User clicks on Sign in button
2020-06-30 15:41:24.507 [main] DEBUG StepDefinition.StepdefinitionCommonSteps - User entered username
2020-06-30 15:41:24.787 [main] DEBUG StepDefinition.StepdefinitionCommonSteps - User entered Password
2020-06-30 15:41:24.971 [main] DEBUG StepDefinition.StepdefinitionCommonSteps - User clicks on login Button
2020-06-30 15:47:33.619 [main] DEBUG StepDefinition.StepdefinitionCommonSteps - Browser invoked
2020-06-30 15:48:02.547 [main] DEBUG StepDefinition.StepdefinitionCommonSteps - URL inserted succesfully
2020-06-30 15:48:22.933 [main] DEBUG StepDefinition.StepdefinitionCommonSteps - User clicks on Sign in button
2020-06-30 15:48:29.332 [main] DEBUG StepDefinition.StepdefinitionCommonSteps - User entered username
2020-06-30 15:48:29.687 [main] DEBUG StepDefinition.StepdefinitionCommonSteps - User entered Password
2020-06-30 15:48:30.127 [main] DEBUG StepDefinition.StepdefinitionCommonSteps - User clicks on login Button
2020-06-30 16:19:25.835 [main] DEBUG StepDefinition.StepdefinitionCommonSteps - Browser invoked
2020-06-30 16:19:46.372 [main] DEBUG StepDefinition.StepdefinitionCommonSteps - URL inserted succesfully
2020-06-30 16:20:01.849 [main] DEBUG StepDefinition.StepdefinitionCommonSteps - User clicks on Sign in button
2020-06-30 16:20:07.860 [main] DEBUG StepDefinition.StepdefinitionCommonSteps - User entered username
2020-06-30 16:20:08.124 [main] DEBUG StepDefinition.StepdefinitionCommonSteps - User entered Password
2020-06-30 16:20:08.470 [main] DEBUG StepDefinition.StepdefinitionCommonSteps - User clicks on login Button
