2020-07-23 11:03:46.678 [main] DEBUG cucumber.runtime.StepDefinition - open browser successfully
2020-07-23 11:05:02.575 [main] DEBUG cucumber.runtime.StepDefinition - open browser successfully
2020-07-23 11:06:20.825 [main] DEBUG cucumber.runtime.StepDefinition - open browser successfully
2020-07-23 11:07:07.245 [main] ERROR cucumber.runtime.StepDefinition - not click on ok button of add application
2020-07-23 11:07:10.029 [main] ERROR cucumber.runtime.StepDefinition - not click on new object of  object
2020-07-23 11:07:20.407 [main] ERROR cucumber.runtime.StepDefinition - not add name or object type or application or pegwindow or internal access
2020-07-23 11:07:58.941 [main] DEBUG cucumber.runtime.StepDefinition - open browser successfully
2020-07-23 11:08:40.963 [main] ERROR cucumber.runtime.StepDefinition - not click on checkbox
2020-07-23 11:09:12.217 [main] DEBUG cucumber.runtime.StepDefinition - open browser successfully
2020-07-23 11:09:33.557 [main] ERROR cucumber.runtime.StepDefinition - not enter email address
2020-07-23 11:09:44.015 [main] ERROR cucumber.runtime.StepDefinition - not click on request button
2020-07-23 11:11:44.657 [main] ERROR cucumber.runtime.StepDefinition - not click on reset password link
2020-07-23 11:11:54.743 [main] ERROR cucumber.runtime.StepDefinition - not enter password or confirm password
2020-07-23 11:12:04.866 [main] ERROR cucumber.runtime.StepDefinition - not click on reset button or ok button
2020-07-23 11:12:15.001 [main] ERROR cucumber.runtime.StepDefinition - not enter login ID or password
2020-07-23 11:12:25.146 [main] ERROR cucumber.runtime.StepDefinition - not clock on login button
2020-07-23 11:12:46.544 [main] DEBUG cucumber.runtime.StepDefinition - open browser successfully
2020-07-23 11:13:54.743 [main] DEBUG cucumber.runtime.StepDefinition - open browser successfully
2020-07-23 11:14:55.157 [main] DEBUG cucumber.runtime.StepDefinition - open browser successfully
2020-07-23 11:16:09.262 [main] DEBUG cucumber.runtime.StepDefinition - open browser successfully
2020-07-23 11:17:26.542 [main] DEBUG cucumber.runtime.StepDefinition - open browser successfully
2020-07-23 11:18:55.407 [main] DEBUG cucumber.runtime.StepDefinition - open browser successfully
2020-07-23 11:20:47.831 [main] DEBUG cucumber.runtime.StepDefinition - open browser successfully
2020-07-23 11:44:28.527 [main] DEBUG cucumber.runtime.StepDefinition - open browser successfully
2020-07-23 11:45:39.003 [main] DEBUG cucumber.runtime.StepDefinition - open browser successfully
2020-07-23 11:46:55.281 [main] DEBUG cucumber.runtime.StepDefinition - open browser successfully
2020-07-23 12:11:46.926 [main] DEBUG cucumber.runtime.StepDefinition - open browser successfully
2020-07-23 12:12:39.158 [main] DEBUG cucumber.runtime.StepDefinition - open browser successfully
2020-07-23 12:13:55.692 [main] DEBUG cucumber.runtime.StepDefinition - open browser successfully
2020-07-23 12:14:50.177 [main] ERROR cucumber.runtime.StepDefinition - not click on ok button of add application
2020-07-23 12:14:51.684 [main] ERROR cucumber.runtime.StepDefinition - not click on new object of  object
2020-07-23 12:15:02.315 [main] ERROR cucumber.runtime.StepDefinition - not add name or object type or application or pegwindow or internal access
2020-07-23 12:15:42.381 [main] DEBUG cucumber.runtime.StepDefinition - open browser successfully
2020-07-23 12:16:06.824 [main] DEBUG cucumber.runtime.StepDefinition - 47
2020-07-23 12:16:36.430 [main] DEBUG cucumber.runtime.StepDefinition - open browser successfully
2020-07-23 12:17:01.128 [main] ERROR cucumber.runtime.StepDefinition - not click on forget password link
2020-07-23 12:17:11.468 [main] ERROR cucumber.runtime.StepDefinition - not enter email address
2020-07-23 12:17:21.668 [main] ERROR cucumber.runtime.StepDefinition - not click on request button
2020-07-23 12:18:34.468 [main] ERROR cucumber.runtime.StepDefinition - not click on reset password link
2020-07-23 12:18:44.632 [main] ERROR cucumber.runtime.StepDefinition - not enter password or confirm password
2020-07-23 12:18:54.718 [main] ERROR cucumber.runtime.StepDefinition - not click on reset button or ok button
2020-07-23 12:19:04.978 [main] ERROR cucumber.runtime.StepDefinition - not enter login ID or password
2020-07-23 12:19:15.344 [main] ERROR cucumber.runtime.StepDefinition - not clock on login button
2020-07-23 12:19:36.074 [main] DEBUG cucumber.runtime.StepDefinition - open browser successfully
2020-07-23 12:20:54.894 [main] DEBUG cucumber.runtime.StepDefinition - open browser successfully
2020-07-23 12:22:10.829 [main] DEBUG cucumber.runtime.StepDefinition - open browser successfully
2020-07-23 12:23:23.247 [main] DEBUG cucumber.runtime.StepDefinition - open browser successfully
2020-07-23 12:24:39.161 [main] DEBUG cucumber.runtime.StepDefinition - open browser successfully
2020-07-23 12:25:52.483 [main] DEBUG cucumber.runtime.StepDefinition - open browser successfully
2020-07-23 12:26:56.542 [main] DEBUG cucumber.runtime.StepDefinition - open browser successfully
2020-07-23 12:53:04.479 [main] DEBUG cucumber.runtime.StepDefinition - open browser successfully
2020-07-23 12:54:15.362 [main] DEBUG cucumber.runtime.StepDefinition - open browser successfully
2020-07-23 12:56:31.933 [main] DEBUG cucumber.runtime.StepDefinition - open browser successfully
2020-07-23 12:57:24.902 [main] ERROR cucumber.runtime.StepDefinition - not click on ok button of add application
2020-07-23 12:57:27.361 [main] ERROR cucumber.runtime.StepDefinition - not click on new object of  object
2020-07-23 12:57:38.098 [main] ERROR cucumber.runtime.StepDefinition - not add name or object type or application or pegwindow or internal access
2020-07-23 12:57:48.518 [main] ERROR cucumber.runtime.StepDefinition - not click on save button of object
2020-07-23 13:01:57.357 [main] DEBUG cucumber.runtime.StepDefinition - open browser successfully
2020-07-23 13:04:07.579 [main] DEBUG cucumber.runtime.StepDefinition - open browser successfully
2020-07-23 13:06:24.755 [main] DEBUG cucumber.runtime.StepDefinition - open browser successfully
2020-07-23 13:09:10.798 [main] DEBUG cucumber.runtime.StepDefinition - open browser successfully
2020-07-23 13:09:44.102 [main] DEBUG cucumber.runtime.StepDefinition - 48
2020-07-23 13:10:14.201 [main] DEBUG cucumber.runtime.StepDefinition - open browser successfully
2020-07-23 13:10:41.757 [main] ERROR cucumber.runtime.StepDefinition - not click on forget password link
2020-07-23 13:10:52.194 [main] ERROR cucumber.runtime.StepDefinition - not enter email address
2020-07-23 13:11:02.641 [main] ERROR cucumber.runtime.StepDefinition - not click on request button
2020-07-23 13:12:44.905 [main] ERROR cucumber.runtime.StepDefinition - not click on reset password link
2020-07-23 13:12:54.959 [main] ERROR cucumber.runtime.StepDefinition - not enter password or confirm password
2020-07-23 13:13:05.437 [main] ERROR cucumber.runtime.StepDefinition - not click on reset button or ok button
2020-07-23 13:13:15.564 [main] ERROR cucumber.runtime.StepDefinition - not enter login ID or password
2020-07-23 13:13:25.627 [main] ERROR cucumber.runtime.StepDefinition - not clock on login button
2020-07-23 13:13:55.496 [main] DEBUG cucumber.runtime.StepDefinition - open browser successfully
2020-07-23 13:15:42.690 [main] DEBUG cucumber.runtime.StepDefinition - open browser successfully
2020-07-23 13:17:37.310 [main] DEBUG cucumber.runtime.StepDefinition - open browser successfully
2020-07-23 13:19:26.642 [main] DEBUG cucumber.runtime.StepDefinition - open browser successfully
2020-07-23 13:21:09.293 [main] DEBUG cucumber.runtime.StepDefinition - open browser successfully
2020-07-23 13:22:08.563 [main] ERROR cucumber.runtime.StepDefinition - not click on test suite which contain test cases
2020-07-23 13:22:18.725 [main] ERROR cucumber.runtime.StepDefinition - not right click on test case
2020-07-23 13:22:29.210 [main] ERROR cucumber.runtime.StepDefinition - not click on save as test caseoption
2020-07-23 13:22:41.553 [main] ERROR cucumber.runtime.StepDefinition - not remove name description or enter name description
2020-07-23 13:22:53.252 [main] ERROR cucumber.runtime.StepDefinition - not click on save button of save as option
2020-07-23 13:23:03.738 [main] ERROR cucumber.runtime.StepDefinition - not click on ok button of add application
2020-07-23 13:23:34.104 [main] DEBUG cucumber.runtime.StepDefinition - open browser successfully
2020-07-23 13:24:27.996 [main] ERROR cucumber.runtime.StepDefinition - not right click on storyboard
2020-07-23 13:24:38.737 [main] ERROR cucumber.runtime.StepDefinition - not click on saveAs storyboard
2020-07-23 13:24:49.277 [main] ERROR cucumber.runtime.StepDefinition - not remove name description or enter name description
2020-07-23 13:24:59.798 [main] ERROR cucumber.runtime.StepDefinition - not click on save button of storyboard
2020-07-23 13:25:10.424 [main] ERROR cucumber.runtime.StepDefinition - not click on ok button of add application
2020-07-23 13:26:04.087 [main] DEBUG cucumber.runtime.StepDefinition - open browser successfully
2020-07-23 13:27:49.315 [main] ERROR cucumber.runtime.StepDefinition - not click on test suite which contain test cases
2020-07-23 13:27:59.650 [main] ERROR cucumber.runtime.StepDefinition - not right click on test case
2020-07-23 13:28:10.585 [main] ERROR cucumber.runtime.StepDefinition - not click on move test case option
2020-07-23 13:28:20.605 [main] ERROR cucumber.runtime.StepDefinition - not select test suite from dropdown to move
2020-07-23 13:28:31.127 [main] ERROR cucumber.runtime.StepDefinition - not click on save button f move
2020-07-23 13:28:41.469 [main] ERROR cucumber.runtime.StepDefinition - not click on ok button of add application
2020-07-23 13:51:33.718 [main] DEBUG cucumber.runtime.StepDefinition - open browser successfully
2020-07-23 13:54:24.800 [main] DEBUG cucumber.runtime.StepDefinition - open browser successfully
2020-07-23 13:56:43.810 [main] ERROR cucumber.runtime.StepDefinition - not click on save button of test case
2020-07-23 13:56:48.099 [main] ERROR cucumber.runtime.StepDefinition - not click on ok button of add application
2020-07-23 14:49:50.001 [main] DEBUG cucumber.runtime.StepDefinition - open browser successfully
2020-07-23 14:51:02.055 [main] ERROR cucumber.runtime.StepDefinition - not click on save button of application
2020-07-23 14:51:13.897 [main] ERROR cucumber.runtime.StepDefinition - not click on ok button of add application
2020-07-23 14:51:18.303 [main] ERROR cucumber.runtime.StepDefinition - not mouseover on project
2020-07-23 14:51:22.922 [main] ERROR cucumber.runtime.StepDefinition - not click on list of project
2020-07-23 14:51:27.440 [main] ERROR cucumber.runtime.StepDefinition - not click on add project button
2020-07-23 14:59:47.875 [main] DEBUG cucumber.runtime.StepDefinition - open browser successfully
2020-07-23 15:01:29.072 [main] ERROR cucumber.runtime.StepDefinition - not click on ok button of add application
2020-07-23 15:01:39.886 [main] ERROR cucumber.runtime.StepDefinition - not click on ok button of add application
2020-07-23 15:05:20.337 [main] DEBUG cucumber.runtime.StepDefinition - open browser successfully
2020-07-23 15:07:28.738 [main] ERROR cucumber.runtime.StepDefinition - not click on ok button of add application
2020-07-23 15:07:39.302 [main] ERROR cucumber.runtime.StepDefinition - not click on ok button of add application
2020-07-23 15:12:44.550 [main] DEBUG cucumber.runtime.StepDefinition - open browser successfully
2020-07-23 15:13:01.977 [main] ERROR cucumber.runtime.StepDefinition - not mouse over on application
2020-07-23 15:13:42.049 [main] ERROR cucumber.runtime.StepDefinition - not click on list of application
2020-07-23 15:13:52.849 [main] ERROR cucumber.runtime.StepDefinition - not click ok add button of application
2020-07-23 15:15:49.354 [main] DEBUG cucumber.runtime.StepDefinition - open browser successfully
2020-07-23 15:17:55.979 [main] ERROR cucumber.runtime.StepDefinition - not click on ok button of add application
2020-07-23 15:18:06.067 [main] ERROR cucumber.runtime.StepDefinition - not click on ok button of add application
2020-07-23 15:24:22.731 [main] DEBUG cucumber.runtime.StepDefinition - open browser successfully
2020-07-23 15:25:57.198 [main] ERROR cucumber.runtime.StepDefinition - not click on ok button of add application
2020-07-23 15:26:08.986 [main] ERROR cucumber.runtime.StepDefinition - not click on ok button of add application
2020-07-23 15:27:50.603 [main] DEBUG cucumber.runtime.StepDefinition - open browser successfully
2020-07-23 15:32:59.185 [main] DEBUG cucumber.runtime.StepDefinition - open browser successfully
2020-07-23 15:35:20.969 [main] ERROR cucumber.runtime.StepDefinition - not click on ok button of add application
2020-07-23 15:35:31.044 [main] ERROR cucumber.runtime.StepDefinition - not click on ok button of add application
2020-07-23 15:40:51.678 [main] DEBUG cucumber.runtime.StepDefinition - open browser successfully
2020-07-23 15:42:35.469 [main] ERROR cucumber.runtime.StepDefinition - not click on ok button of add application
2020-07-23 15:42:45.011 [main] ERROR cucumber.runtime.StepDefinition - not click on ok button of add application
2020-07-23 15:44:14.209 [main] DEBUG cucumber.runtime.StepDefinition - open browser successfully
2020-07-23 15:49:41.424 [main] DEBUG cucumber.runtime.StepDefinition - open browser successfully
2020-07-23 15:51:22.411 [main] ERROR cucumber.runtime.StepDefinition - not click on ok button of add application
2020-07-23 15:51:30.850 [main] ERROR cucumber.runtime.StepDefinition - not click on ok button of add application
2020-07-23 15:58:33.739 [main] DEBUG cucumber.runtime.StepDefinition - open browser successfully
2020-07-23 16:00:19.261 [main] ERROR cucumber.runtime.StepDefinition - not click on ok button of add application
2020-07-23 16:00:29.713 [main] ERROR cucumber.runtime.StepDefinition - not click on ok button of add application
2020-07-23 16:05:08.569 [main] DEBUG cucumber.runtime.StepDefinition - open browser successfully
2020-07-23 16:05:13.960 [main] ERROR cucumber.runtime.StepDefinition - not click on sign in button
2020-07-23 16:05:13.990 [main] ERROR cucumber.runtime.StepDefinition - not mouse over on application
2020-07-23 16:05:14.011 [main] ERROR cucumber.runtime.StepDefinition - not click on list of application
2020-07-23 16:05:14.024 [main] ERROR cucumber.runtime.StepDefinition - not click ok add button of application
2020-07-23 16:03:11.303 [main] DEBUG cucumber.runtime.StepDefinition - open browser successfully
2020-07-23 16:05:10.446 [main] ERROR cucumber.runtime.StepDefinition - not click on ok button of add application
2020-07-23 16:05:18.820 [main] ERROR cucumber.runtime.StepDefinition - not click on ok button of add application
2020-07-23 16:20:19.684 [main] DEBUG cucumber.runtime.StepDefinition - open browser successfully
2020-07-23 16:37:06.079 [main] DEBUG cucumber.runtime.StepDefinition - open browser successfully
2020-07-23 16:44:59.145 [main] DEBUG cucumber.runtime.StepDefinition - open browser successfully
2020-07-23 17:22:30.330 [main] DEBUG cucumber.runtime.StepDefinition - open browser successfully
2020-07-23 17:25:27.021 [main] DEBUG cucumber.runtime.StepDefinition - open browser successfully
2020-07-23 17:26:22.076 [main] DEBUG cucumber.runtime.StepDefinition - 47
2020-07-23 17:27:15.251 [main] DEBUG cucumber.runtime.StepDefinition - open browser successfully
2020-07-23 17:29:21.020 [main] DEBUG cucumber.runtime.StepDefinition - open browser successfully
2020-07-23 17:30:30.816 [main] DEBUG cucumber.runtime.StepDefinition - open browser successfully
2020-07-23 17:32:10.296 [main] ERROR cucumber.runtime.StepDefinition - not click on ok button of add application
2020-07-23 17:32:12.370 [main] ERROR cucumber.runtime.StepDefinition - not click on new object of  object
2020-07-23 17:32:22.845 [main] ERROR cucumber.runtime.StepDefinition - not add name or object type or application or pegwindow or internal access
2020-07-23 17:32:33.008 [main] ERROR cucumber.runtime.StepDefinition - not click on save button of object
2020-07-23 17:32:43.107 [main] ERROR cucumber.runtime.StepDefinition - not click on ok button of add application
2020-07-23 17:33:08.943 [main] DEBUG cucumber.runtime.StepDefinition - open browser successfully
2020-07-23 17:33:48.047 [main] ERROR cucumber.runtime.StepDefinition - not click on forget password link
2020-07-23 17:33:58.372 [main] ERROR cucumber.runtime.StepDefinition - not enter email address
2020-07-23 17:34:08.552 [main] ERROR cucumber.runtime.StepDefinition - not click on request button
2020-07-23 17:35:54.733 [main] ERROR cucumber.runtime.StepDefinition - not click on reset password link
2020-07-23 17:36:04.839 [main] ERROR cucumber.runtime.StepDefinition - not enter password or confirm password
2020-07-23 17:36:15.008 [main] ERROR cucumber.runtime.StepDefinition - not click on reset button or ok button
2020-07-23 17:36:25.053 [main] ERROR cucumber.runtime.StepDefinition - not enter login ID or password
2020-07-23 17:36:35.275 [main] ERROR cucumber.runtime.StepDefinition - not clock on login button
2020-07-23 17:36:52.210 [main] DEBUG cucumber.runtime.StepDefinition - open browser successfully
2020-07-23 17:48:18.800 [main] DEBUG cucumber.runtime.StepDefinition - open browser successfully
2020-07-23 17:50:49.655 [main] DEBUG cucumber.runtime.StepDefinition - open browser successfully
2020-07-23 17:51:41.622 [main] DEBUG cucumber.runtime.StepDefinition - 48
2020-07-23 17:52:38.746 [main] DEBUG cucumber.runtime.StepDefinition - open browser successfully
2020-07-23 17:54:24.880 [main] DEBUG cucumber.runtime.StepDefinition - open browser successfully
2020-07-23 17:56:01.284 [main] DEBUG cucumber.runtime.StepDefinition - open browser successfully
2020-07-23 17:59:05.973 [main] DEBUG cucumber.runtime.StepDefinition - open browser successfully
2020-07-23 17:59:48.463 [main] ERROR cucumber.runtime.StepDefinition - not click on request button
2020-07-23 18:01:44.388 [main] ERROR cucumber.runtime.StepDefinition - not click on reset password link
2020-07-23 18:01:54.463 [main] ERROR cucumber.runtime.StepDefinition - not enter password or confirm password
2020-07-23 18:02:04.525 [main] ERROR cucumber.runtime.StepDefinition - not click on reset button or ok button
2020-07-23 18:02:14.579 [main] ERROR cucumber.runtime.StepDefinition - not enter login ID or password
2020-07-23 18:02:24.654 [main] ERROR cucumber.runtime.StepDefinition - not clock on login button
2020-07-23 18:02:57.467 [main] DEBUG cucumber.runtime.StepDefinition - open browser successfully
